[32m[I 181002 14:44:50 update_wikidata:31](B[m Updating all Wikidata content...
[32m[I 181002 14:44:50 update_wikidata:38](B[m Loaded 639 tags
[32m[I 181002 14:44:50 update_wikidata:43](B[m Now at tag #1 --- 0.0%
[33m[W 181002 14:44:57 update_wikidata:69](B[m Abschlussprüfung Ignoring non-description 'Wikimedia-Begriffsklärungsseite'
[34m[D 181002 14:45:00 update_wikidata:90](B[m Adoption durch g  No entry in German wikipedia
[32m[I 181002 14:45:02 update_wikidata:43](B[m Now at tag #11 --- 1.6%
[34m[D 181002 14:45:05 update_wikidata:61](B[m Alleinerziehende Fallback to English description: parent raising a child alone
[33m[W 181002 14:45:09 update_wikidata:69](B[m Anerkennungsgese Ignoring non-description 'Wikimedia-Begriffsklärungsseite'
[34m[D 181002 14:45:11 update_wikidata:90](B[m Angestellter im   No entry in German wikipedia
[32m[I 181002 14:45:14 update_wikidata:43](B[m Now at tag #21 --- 3.1%
[34m[D 181002 14:45:16 update_wikidata:61](B[m Arbeitnehmerüber Fallback to English description: situation where the employee is expected to leave the employer within a certain period of time
[34m[D 181002 14:45:18 update_wikidata:61](B[m Arbeitsentgelt   Fallback to English description: remuneration paid by an employer to an employee
[33m[W 181002 14:45:19 update_wikidata:69](B[m Arbeitserlaubnis Ignoring non-description 'Wikimedia-Begriffsklärungsseite'
[32m[I 181002 14:45:26 update_wikidata:43](B[m Now at tag #31 --- 4.7%
[32m[I 181002 14:45:30 update_wikidata:74](B[m Asylbewerber      Description 'Individual who seeks refuge, esp. political asylum, in a foreign country' -> 'Personen, die Aufnahme und Schutz vor politischer, religiöser oder sonstiger Verfolgung suchen'
[32m[I 181002 14:45:38 update_wikidata:43](B[m Now at tag #41 --- 6.3%
[34m[D 181002 14:45:38 update_wikidata:61](B[m Außenpolitik     Fallback to English description: government's strategy in relating with other nations
[34m[D 181002 14:45:48 update_wikidata:61](B[m Befristetes Arbe Fallback to English description: employment contract
[34m[D 181002 14:45:49 update_wikidata:61](B[m Begabtenförderun Fallback to English description: broad term for special practices, procedures, and theories used in the education of children who have been identified as gifted or talented; the main approaches to gifted education are enrichment and acceleration
[32m[I 181002 14:45:50 update_wikidata:43](B[m Now at tag #51 --- 7.8%
[34m[D 181002 14:46:01 update_wikidata:61](B[m Berufsarmee      Fallback to English description: military force which employs personnel on an exclusively volunteer basis
[32m[I 181002 14:46:04 update_wikidata:43](B[m Now at tag #61 --- 9.4%
[33m[W 181002 14:46:07 update_wikidata:69](B[m Bewerbungen für  Ignoring non-description 'Wikimedia-Liste'
[33m[W 181002 14:46:08 update_wikidata:69](B[m Bewerbungen für  Ignoring non-description 'Wikimedia-Liste'
[32m[I 181002 14:46:15 update_wikidata:74](B[m Bienentrachtpfla  Description 'None' -> 'Pflanzen, die besonders reichhaltig Nektar und Pollen erzeugen'
[34m[D 181002 14:46:17 update_wikidata:90](B[m Bildungspolitik   No entry in German wikipedia
[32m[I 181002 14:46:18 update_wikidata:43](B[m Now at tag #71 --- 11.0%
[33m[W 181002 14:46:23 update_wikidata:51](B[m Biometrischer Re Title changed -> 'biometrischer Reisepass'
[33m[W 181002 14:46:23 update_wikidata:52](B[m Title cannot be changed while it is a PK in db
[32m[I 181002 14:46:31 update_wikidata:43](B[m Now at tag #81 --- 12.5%
[34m[D 181002 14:46:33 update_wikidata:61](B[m Brandzeichen     Fallback to English description: technique for marking livestock so as to identify the owner, traditionally with a hot iron
[32m[I 181002 14:46:45 update_wikidata:43](B[m Now at tag #91 --- 14.1%
[34m[D 181002 14:46:54 update_wikidata:61](B[m Burka            Fallback to English description: loose garments covering the entire body and having a veiled opening for the eyes; worn by Muslim wome
[32m[I 181002 14:46:55 update_wikidata:94](B[m Buße              Wikipedia: 'Buße (Verwaltungsrecht)' -> 'Geldbuße (Verwaltungsrecht)'
[32m[I 181002 14:46:59 update_wikidata:43](B[m Now at tag #101 --- 15.6%
[34m[D 181002 14:47:03 update_wikidata:61](B[m Containern       Fallback to English description: practice of digging in shops trash dumpsters to recover what could still be eaten or used
[32m[I 181002 14:47:03 update_wikidata:74](B[m Containern        Description 'None' -> 'Practice of digging in shops trash dumpsters to recover what could still be eaten or used'
[32m[I 181002 14:47:13 update_wikidata:43](B[m Now at tag #111 --- 17.2%
[32m[I 181002 14:47:15 update_wikidata:74](B[m Dieselrußpartike  Description 'Removes diesel particulate matter or soot from the exhaust gas of a diesel engine' -> 'Einrichtung zur Reduzierung von Feinstaub'
[34m[D 181002 14:47:19 update_wikidata:61](B[m Direktwahl       Fallback to English description: election in which people vote directly for the person that they want elected to a political position
[34m[D 181002 14:47:22 update_wikidata:61](B[m Dressur          Fallback to English description: teaching animals specific responses to specific conditions or stimuli
[32m[I 181002 14:47:27 update_wikidata:43](B[m Now at tag #121 --- 18.8%
[34m[D 181002 14:47:32 update_wikidata:61](B[m EU-Anleihe       Fallback to English description: government bonds jointly issued by eurozone countries
[34m[D 181002 14:47:37 update_wikidata:61](B[m Ehrenamt         Fallback to English description: altruistic activity
[34m[D 181002 14:47:39 update_wikidata:61](B[m Eintritt         Fallback to English description: cover
[32m[I 181002 14:47:40 update_wikidata:43](B[m Now at tag #131 --- 20.3%
[34m[D 181002 14:47:41 update_wikidata:90](B[m Einwanderungspol  No entry in German wikipedia
[34m[D 181002 14:47:48 update_wikidata:61](B[m Energiepolitik   Fallback to English description: policy addressing energy issues
[32m[I 181002 14:47:54 update_wikidata:43](B[m Now at tag #141 --- 21.9%
[34m[D 181002 14:47:54 update_wikidata:61](B[m Erbschaftsteuer  Fallback to English description: besteuert den Übergang von Vermögenswerten einer verstorbenen natürlichen Person an den Erben
[33m[W 181002 14:47:59 update_wikidata:51](B[m Erneuerbare Ener Title changed -> 'erneuerbare Energie'
[33m[W 181002 14:47:59 update_wikidata:52](B[m Title cannot be changed while it is a PK in db
[32m[I 181002 14:48:08 update_wikidata:43](B[m Now at tag #151 --- 23.5%
[34m[D 181002 14:48:11 update_wikidata:61](B[m Europol          Fallback to English description: Police agency of the European Union
[32m[I 181002 14:48:15 update_wikidata:74](B[m Europäische Zoll  Description 'ETTA' -> 'Zollunion'
[34m[D 181002 14:48:17 update_wikidata:61](B[m Europäisches Amt Fallback to English description: directorate-general of the European Union
[32m[I 181002 14:48:19 update_wikidata:74](B[m Fahrradstraße     Description 'Verkehrsanlage für Fahrradfahrer' -> 'Straße mit Vorrang für Fahrräder'
[32m[I 181002 14:48:22 update_wikidata:43](B[m Now at tag #161 --- 25.0%
[33m[W 181002 14:48:23 update_wikidata:51](B[m Fake news        Title changed -> 'Fake News'
[33m[W 181002 14:48:23 update_wikidata:52](B[m Title cannot be changed while it is a PK in db
[33m[W 181002 14:48:29 update_wikidata:69](B[m Feiertage in Deu Ignoring non-description 'Wikimedia-Liste'
[32m[I 181002 14:48:32 update_wikidata:74](B[m Feste Fehmarnbel  Description 'Straßentunnel zwischen Dänemark und Deutschland' -> 'Geplanter Eisenbahn- und Straßentunnel zwischen Dänemark und Deutschland'
[34m[D 181002 14:48:35 update_wikidata:61](B[m Extremismus      Fallback to English description: ideology considered extreme in a pejorative sense
[32m[I 181002 14:48:35 update_wikidata:74](B[m Extremismus       Description 'Unacceptable ideology' -> 'Ideology considered extreme in a pejorative sense'
[32m[I 181002 14:48:36 update_wikidata:43](B[m Now at tag #171 --- 26.6%
[32m[I 181002 14:48:39 update_wikidata:74](B[m Flughafen Berlin  Description 'Flughafen in Deutschland' -> 'In Bau befindlicher Flughafen in Deutschland'
[32m[I 181002 14:48:43 update_wikidata:74](B[m Flüchtling        Description 'Person, die sich aus begründeter Furcht vor Verfolgung außerhalb des Landes befindet, dessen Staatsangehörigkeit sie besitzt' -> 'Person, die sich aus Furcht vor Verfolgung außerhalb ihres Heimatlandes befindet'
[32m[I 181002 14:48:49 update_wikidata:74](B[m Frauenhaus        Description 'Place of temporary refuge and support for women escaping violent or abusive situations' -> 'Soziale Einrichtung für Frauen'
[32m[I 181002 14:48:50 update_wikidata:43](B[m Now at tag #181 --- 28.2%
[32m[I 181002 14:49:00 update_wikidata:74](B[m Fünf-Prozent-Hür  Description 'None' -> 'Sperrklausel für Wahlen in Deutschland'
[32m[I 181002 14:49:03 update_wikidata:43](B[m Now at tag #191 --- 29.7%
[34m[D 181002 14:49:08 update_wikidata:61](B[m Geflügelprodukti Fallback to English description: part of animal husbandry
[34m[D 181002 14:49:13 update_wikidata:61](B[m Gemeinsame Siche Fallback to English description: Defence policy of the European Union
[32m[I 181002 14:49:13 update_wikidata:74](B[m Gemeinsame Siche  Description 'None' -> 'Defence policy of the European Union'
[34m[D 181002 14:49:16 update_wikidata:61](B[m Gentechnik       Fallback to English description: direct manipulation of an organism's genome using biotechnology
[32m[I 181002 14:49:17 update_wikidata:43](B[m Now at tag #201 --- 31.3%
[32m[I 181002 14:49:22 update_wikidata:74](B[m Gesetz zur Verbe  Description 'Gesetz gegen Hetze und gefälschte Meldungen in sozialen Netzwerken; Zensurgesetz' -> 'Gesetz gegen Hetze und gefälschte Meldungen in sozialen Netzwerken'
[32m[I 181002 14:49:23 update_wikidata:74](B[m Gesetzliche Kran  Description 'Krankenversicherung' -> 'None'
[32m[I 181002 14:49:31 update_wikidata:43](B[m Now at tag #211 --- 32.9%
[34m[D 181002 14:49:42 update_wikidata:61](B[m Griechische Staa Fallback to English description: economic crisis
[33m[W 181002 14:49:44 update_wikidata:51](B[m Grunderwerbsteue Title changed -> 'Transfersteuer'
[33m[W 181002 14:49:44 update_wikidata:52](B[m Title cannot be changed while it is a PK in db
[32m[I 181002 14:49:44 update_wikidata:74](B[m Grunderwerbsteue  Description 'Steuer, die beim Erwerb einer Immobilie anfällt' -> 'Steuer'
[32m[I 181002 14:49:44 update_wikidata:94](B[m Grunderwerbsteue  Wikipedia: 'None' -> 'Grunderwerbsteuer'
[32m[I 181002 14:49:45 update_wikidata:43](B[m Now at tag #221 --- 34.4%
[34m[D 181002 14:49:55 update_wikidata:61](B[m Hamburger Hafen  Fallback to English description: company
[32m[I 181002 14:49:59 update_wikidata:43](B[m Now at tag #231 --- 36.0%
[32m[I 181002 14:50:13 update_wikidata:43](B[m Now at tag #241 --- 37.6%
[32m[I 181002 14:50:27 update_wikidata:43](B[m Now at tag #251 --- 39.1%
[34m[D 181002 14:50:31 update_wikidata:61](B[m Inklusive Pädago Fallback to English description: Education System.
[33m[W 181002 14:50:39 update_wikidata:51](B[m Intensivtierhalt Title changed -> 'Massentierhaltung'
[33m[W 181002 14:50:39 update_wikidata:52](B[m Title cannot be changed while it is a PK in db
[32m[I 181002 14:50:40 update_wikidata:43](B[m Now at tag #261 --- 40.7%
[34m[D 181002 14:50:46 update_wikidata:61](B[m Islamistischer E Fallback to English description: form of Islam
[34m[D 181002 14:50:46 update_wikidata:90](B[m Islamistischer E  No entry in German wikipedia
[34m[D 181002 14:50:53 update_wikidata:61](B[m Jugendschutz     Fallback to English description: government
[32m[I 181002 14:50:54 update_wikidata:43](B[m Now at tag #271 --- 42.3%
[32m[I 181002 14:51:08 update_wikidata:43](B[m Now at tag #281 --- 43.8%
[34m[D 181002 14:51:11 update_wikidata:61](B[m Kindergeld       Fallback to English description: castellano
[32m[I 181002 14:51:19 update_wikidata:74](B[m Koedukation       Description 'Mixed-sex education' -> 'Gemeinsame Ausbildung von beiden Geschlechtern'
[32m[I 181002 14:51:22 update_wikidata:43](B[m Now at tag #291 --- 45.4%
[34m[D 181002 14:51:25 update_wikidata:90](B[m Kommunalrecht     No entry in German wikipedia
[32m[I 181002 14:51:30 update_wikidata:74](B[m Kopftuch          Description 'Piece of cloth worn on one's head' -> 'Kopftuch'
[32m[I 181002 14:51:35 update_wikidata:43](B[m Now at tag #301 --- 46.9%
[32m[I 181002 14:51:38 update_wikidata:74](B[m Körperscanner     Description 'None' -> 'Gerät, mit dem der Körper einer Person sowie Gegenstände unter der Kleidung abgebildet werden können'
[34m[D 181002 14:51:44 update_wikidata:61](B[m Laizismus        Fallback to English description: principle of separation of government institutions from religion
[34m[D 181002 14:51:48 update_wikidata:61](B[m Kulturpolitik    Fallback to English description: area of public policy-making
[32m[I 181002 14:51:49 update_wikidata:43](B[m Now at tag #311 --- 48.5%
[34m[D 181002 14:51:53 update_wikidata:61](B[m Laufzeit         Fallback to English description: period of duration, time or occurrence, in relation to an event
[34m[D 181002 14:51:55 update_wikidata:61](B[m Legalisierung vo Fallback to English description: political ideology
[32m[I 181002 14:52:03 update_wikidata:43](B[m Now at tag #321 --- 50.1%
[32m[I 181002 14:52:04 update_wikidata:74](B[m Linksextremismus  Description 'Political alignment' -> 'Politische Ausrichtung'
[33m[W 181002 14:52:06 update_wikidata:69](B[m Liste in Deutsch Ignoring non-description 'Wikimedia-Liste'
[32m[I 181002 14:52:16 update_wikidata:43](B[m Now at tag #331 --- 51.6%
[34m[D 181002 14:52:21 update_wikidata:61](B[m Mehrfache Staats Fallback to English description: citizenship in multiple countries by the same person
[34m[D 181002 14:52:21 update_wikidata:90](B[m Mehrfache Staats  No entry in German wikipedia
[32m[I 181002 14:52:30 update_wikidata:43](B[m Now at tag #341 --- 53.2%
[32m[I 181002 14:52:44 update_wikidata:43](B[m Now at tag #351 --- 54.8%
[34m[D 181002 14:52:49 update_wikidata:61](B[m Monoedukation    Fallback to English description: education conducted with males and females separated
[32m[I 181002 14:52:49 update_wikidata:74](B[m Monoedukation     Description 'None' -> 'Education conducted with males and females separated'
[33m[W 181002 14:52:56 update_wikidata:69](B[m NPD-Verbotsverfa Ignoring non-description 'Wikimedia-Begriffsklärungsseite'
[32m[I 181002 14:52:58 update_wikidata:43](B[m Now at tag #361 --- 56.3%
[33m[W 181002 14:53:02 update_wikidata:69](B[m Nationalparks in Ignoring non-description 'Wikimedia-Liste'
[34m[D 181002 14:53:03 update_wikidata:90](B[m Naturschutzgebie  No entry in German wikipedia
[33m[W 181002 14:53:04 update_wikidata:51](B[m Nebentätigkeit   Title changed -> 'Nebenberuf'
[33m[W 181002 14:53:04 update_wikidata:52](B[m Title cannot be changed while it is a PK in db
[32m[I 181002 14:53:04 update_wikidata:74](B[m Nebentätigkeit    Description 'None' -> 'Ausübung eines weiteren Berufs neben einem Hauptberuf'
[34m[D 181002 14:53:11 update_wikidata:61](B[m Notunterkunft    Fallback to English description: place for people to live temporarily when they cannot live in their previous residence
[32m[I 181002 14:53:12 update_wikidata:43](B[m Now at tag #371 --- 57.9%
[33m[W 181002 14:53:17 update_wikidata:51](B[m Off-Theater      Title changed -> 'Freies Theater'
[33m[W 181002 14:53:17 update_wikidata:52](B[m Title cannot be changed while it is a PK in db
[32m[I 181002 14:53:26 update_wikidata:43](B[m Now at tag #381 --- 59.5%
[32m[I 181002 14:53:40 update_wikidata:43](B[m Now at tag #391 --- 61.0%
[33m[W 181002 14:53:42 update_wikidata:51](B[m Parteienfinanzie Title changed -> 'Wahlkampfkostenrückerstattung'
[33m[W 181002 14:53:42 update_wikidata:52](B[m Title cannot be changed while it is a PK in db
[34m[D 181002 14:53:42 update_wikidata:90](B[m Parteienfinanzie  No entry in German wikipedia
[32m[I 181002 14:53:54 update_wikidata:43](B[m Now at tag #401 --- 62.6%
[34m[D 181002 14:54:01 update_wikidata:61](B[m Polizeiliche und Fallback to English description: pillar of the European Union
[32m[I 181002 14:54:01 update_wikidata:74](B[m Polizeiliche und  Description 'None' -> 'Pillar of the European Union'
[34m[D 181002 14:54:07 update_wikidata:90](B[m Praxisgebühr      No entry in German wikipedia
[32m[I 181002 14:54:08 update_wikidata:43](B[m Now at tag #411 --- 64.2%
[32m[I 181002 14:54:18 update_wikidata:74](B[m Radschnellweg     Description 'None' -> 'Verbindungen im Radverkehrsnetz'
[34m[D 181002 14:54:19 update_wikidata:61](B[m Rauchverbot      Fallback to English description: public policies, including criminal laws and occupational safety and health regulations, that prohibit tobacco smoking in workplaces and other public spaces
[32m[I 181002 14:54:22 update_wikidata:43](B[m Now at tag #421 --- 65.7%
[34m[D 181002 14:54:23 update_wikidata:61](B[m Rechtsanspruch   Fallback to English description: rights bestowed onto a person by a given legal system
[32m[I 181002 14:54:23 update_wikidata:74](B[m Rechtsanspruch    Description 'None' -> 'Rights bestowed onto a person by a given legal system'
[34m[D 181002 14:54:23 update_wikidata:90](B[m Rechtsanspruch    No entry in German wikipedia
[34m[D 181002 14:54:26 update_wikidata:61](B[m Regionalpolitik  Fallback to English description: financial tools of the European Union
[34m[D 181002 14:54:26 update_wikidata:90](B[m Regionalpolitik   No entry in German wikipedia
[34m[D 181002 14:54:29 update_wikidata:61](B[m Religionsfreihei Fallback to English description: freedom of religion in Germany
[34m[D 181002 14:54:33 update_wikidata:61](B[m Resozialisierung Fallback to English description: process to make a person again a functional part of society
[32m[I 181002 14:54:35 update_wikidata:43](B[m Now at tag #431 --- 67.3%
[32m[I 181002 14:54:39 update_wikidata:74](B[m Risikospiel       Description 'None' -> 'Gefährdungseinschätzung der Fußballspiele'
[32m[I 181002 14:54:40 update_wikidata:74](B[m Rundfunkrat       Description 'Oberstes für die Programmkontrolle zuständige Aufsichtsgremium' -> 'Oberstes für die Programmkontrolle zuständiges Aufsichtsgremium'
[32m[I 181002 14:54:49 update_wikidata:43](B[m Now at tag #441 --- 68.9%
[34m[D 181002 14:54:53 update_wikidata:61](B[m Schleier         Fallback to English description: any lightweight covering for the head or face or both
[34m[D 181002 14:54:55 update_wikidata:61](B[m Schleswig-Holste Fallback to English description: theatre and opera company in Rendsburg, serving several touring venues in the state of Schleswig-Holstein, Germany
[32m[I 181002 14:54:58 update_wikidata:74](B[m Schuldenbremse (  Description 'None' -> 'Haushaltsdisziplin'
[32m[I 181002 14:55:03 update_wikidata:43](B[m Now at tag #451 --- 70.4%
[34m[D 181002 14:55:04 update_wikidata:61](B[m Schulspeisung    Fallback to English description: meal provided to students at school
[34m[D 181002 14:55:13 update_wikidata:61](B[m Selbstbeteiligun Fallback to English description: amount of expenses that must be paid out of pocket before an insurer will pay any expenses
[32m[I 181002 14:55:16 update_wikidata:74](B[m Semesterticket    Description 'None' -> 'Fahrausweis für den öffentlichen Personennahverkehr, der für Studierende ein Semester lang gilt'
[32m[I 181002 14:55:17 update_wikidata:43](B[m Now at tag #461 --- 72.0%
[33m[W 181002 14:55:17 update_wikidata:51](B[m Solaranlage      Title changed -> 'Solarkraftwerk'
[33m[W 181002 14:55:17 update_wikidata:52](B[m Title cannot be changed while it is a PK in db
[34m[D 181002 14:55:22 update_wikidata:61](B[m Sperrklausel     Fallback to English description: clause requiring a minimum number of votes for a proposal to pass
[34m[D 181002 14:55:25 update_wikidata:61](B[m Sponsoring       Fallback to English description: commercial supporter of an event, activity, or person
[34m[D 181002 14:55:28 update_wikidata:61](B[m Sportunterricht  Fallback to English description: educational course related to the physique of the human body
[32m[I 181002 14:55:30 update_wikidata:43](B[m Now at tag #471 --- 73.6%
[32m[I 181002 14:55:44 update_wikidata:43](B[m Now at tag #481 --- 75.1%
[34m[D 181002 14:55:53 update_wikidata:61](B[m Strafmündigkeit  Fallback to English description: legal defence arguing that defendant has not reached age of criminal responsibility
[32m[I 181002 14:55:55 update_wikidata:74](B[m Straßenbahn       Description 'Schienengebundenes Transportmittel im Stadtverkehr des öffentlichen Personennahverkehrs' -> 'Schienengebundenes Fahrzeug im Stadtverkehr des öffentlichen Personennahverkehrs'
[32m[I 181002 14:55:58 update_wikidata:43](B[m Now at tag #491 --- 76.7%
[32m[I 181002 14:56:01 update_wikidata:74](B[m Stromsperre       Description 'None' -> 'Einstellung der Energieversorgung'
[34m[D 181002 14:56:05 update_wikidata:61](B[m Studiengebühr    Fallback to English description: a sum of money charged for teaching or instruction by a school, college, or university
[32m[I 181002 14:56:12 update_wikidata:43](B[m Now at tag #501 --- 78.2%
[34m[D 181002 14:56:16 update_wikidata:61](B[m Terrorismusbekäm Fallback to English description: activity to defend against or prevent terrorist actions
[32m[I 181002 14:56:25 update_wikidata:43](B[m Now at tag #511 --- 79.8%
[34m[D 181002 14:56:28 update_wikidata:61](B[m Transeuropäische Fallback to English description: transportation networks within the European Union
[34m[D 181002 14:56:33 update_wikidata:61](B[m Truppenübungspla Fallback to English description: British military training area in Germany
[32m[I 181002 14:56:33 update_wikidata:74](B[m Truppenübungspla  Description 'None' -> 'British military training area in Germany'
[32m[I 181002 14:56:39 update_wikidata:43](B[m Now at tag #521 --- 81.4%
[34m[D 181002 14:56:45 update_wikidata:61](B[m Unbeschränkte un Fallback to English description: taxpayer's location for tax responsibility purposes
[33m[W 181002 14:56:51 update_wikidata:51](B[m Unternehmen      Title changed -> 'Geschäftsbetrieb'
[33m[W 181002 14:56:51 update_wikidata:52](B[m Title cannot be changed while it is a PK in db
[32m[I 181002 14:56:51 update_wikidata:74](B[m Unternehmen       Description 'Organisationseinheit in der Wirtschaft' -> 'Gewerbliches oder kaufmännisches Unternehmen'
[34m[D 181002 14:56:51 update_wikidata:90](B[m Unternehmen       No entry in German wikipedia
[32m[I 181002 14:56:51 update_wikidata:94](B[m Unternehmen       Wikipedia: 'Unternehmen' -> 'None'
[32m[I 181002 14:56:53 update_wikidata:43](B[m Now at tag #531 --- 82.9%
[34m[D 181002 14:56:55 update_wikidata:61](B[m VW-Gesetz        Fallback to English description: federal act/law
[32m[I 181002 14:57:04 update_wikidata:74](B[m Verstaatlichung   Description 'Process of taking a private industry or private assets into public ownership by a national government or state' -> 'Überführung von Privateigentum/-aufgaben in Staatseigentum/-aufgaben'
[34m[D 181002 14:57:06 update_wikidata:61](B[m Verteidigungseta Fallback to English description: the amount of financial resources dedicated by a nation to raising and maintaining an armed forces
[32m[I 181002 14:57:07 update_wikidata:43](B[m Now at tag #541 --- 84.5%
[34m[D 181002 14:57:08 update_wikidata:61](B[m Videoüberwachung Fallback to English description: Use of video cameras to transmit a signal to a specific place on a limited set of monitors
[34m[D 181002 14:57:10 update_wikidata:61](B[m Vivantes         Fallback to English description: business
[32m[I 181002 14:57:21 update_wikidata:43](B[m Now at tag #551 --- 86.1%
[34m[D 181002 14:57:21 update_wikidata:61](B[m Waffenkontrolle  Fallback to English description: laws or policies that regulate the manufacture, sale, transfer, possession, modification, or use of firearms
[32m[I 181002 14:57:28 update_wikidata:94](B[m Umweltschutz      Wikipedia: 'None' -> 'Umweltschutz'
[32m[I 181002 14:57:34 update_wikidata:43](B[m Now at tag #561 --- 87.6%
[34m[D 181002 14:57:44 update_wikidata:61](B[m Wohnungspolitik  Fallback to English description: government actions in housing and living conditions, and is usually seen as a part of welfare policy
[32m[I 181002 14:57:48 update_wikidata:43](B[m Now at tag #571 --- 89.2%
[32m[I 181002 14:58:02 update_wikidata:43](B[m Now at tag #581 --- 90.8%
[34m[D 181002 14:58:08 update_wikidata:61](B[m finaler Rettungs Fallback to English description: force that a person knows would create a substantial risk of causing, death or serious bodily harm or injury
[34m[D 181002 14:58:14 update_wikidata:61](B[m leistungsorienti Fallback to English description: money paid relating to how well one works
[34m[D 181002 14:58:15 update_wikidata:90](B[m sozialer Wohnung  No entry in German wikipedia
[32m[I 181002 14:58:16 update_wikidata:43](B[m Now at tag #591 --- 92.3%
[32m[I 181002 14:58:19 update_wikidata:94](B[m politisches Syst  Wikipedia: 'None' -> 'Politisches System'
[32m[I 181002 14:58:23 update_wikidata:74](B[m Öffentliche Bürg  Description 'None' -> 'Garantieversprechen der Verwaltung'
[32m[I 181002 14:58:30 update_wikidata:43](B[m Now at tag #601 --- 93.9%
[34m[D 181002 14:58:31 update_wikidata:61](B[m öffentlicher Rau Fallback to English description: places for public use
[32m[I 181002 14:58:33 update_wikidata:74](B[m Energiewende      Description 'Realisierung einer Nachhaltigen Energieversorgung in den Sektoren Strom, Wärme und Mobilität mit Erneuerbaren Energien' -> 'Politischer Entscheid für eine nachhaltige Energieversorgung in den Sektoren Strom, Wärme und Mobilität mit Erneuerbaren Energien'
[32m[I 181002 14:58:41 update_wikidata:74](B[m Flughafen Frankf  Description 'deutscher Flughafen in Hessen' -> 'Deutscher Flughafen in Hessen'
[32m[I 181002 14:58:43 update_wikidata:43](B[m Now at tag #611 --- 95.5%
[32m[I 181002 14:58:51 update_wikidata:94](B[m Familienpolitik   Wikipedia: 'None' -> 'Familienpolitik'
[32m[I 181002 14:58:56 update_wikidata:94](B[m Sozialpolitik     Wikipedia: 'None' -> 'Sozialpolitik'
[32m[I 181002 14:58:57 update_wikidata:43](B[m Now at tag #621 --- 97.0%
[33m[W 181002 14:58:58 update_wikidata:51](B[m soziale Sicherhe Title changed -> 'Soziale Sicherheit'
[33m[W 181002 14:58:58 update_wikidata:52](B[m Title cannot be changed while it is a PK in db
[32m[I 181002 14:58:58 update_wikidata:94](B[m soziale Sicherhe  Wikipedia: 'None' -> 'Soziale Sicherheit'
[33m[W 181002 14:58:59 update_wikidata:51](B[m Ganztagsschule   Title changed -> 'ganztagsschule'
[33m[W 181002 14:58:59 update_wikidata:52](B[m Title cannot be changed while it is a PK in db
[32m[I 181002 14:59:09 update_wikidata:74](B[m Datenschutz       Description 'Alle Maßnahmen zur angemessenen Nutzung von personenbezogenen Daten' -> 'Rechtsbegriff, alle Maßnahmen zur angemessenen Nutzung von personenbezogenen Daten'
[32m[I 181002 14:59:09 update_wikidata:94](B[m Datenschutz       Wikipedia: 'None' -> 'Datenschutz'
[32m[I 181002 14:59:11 update_wikidata:43](B[m Now at tag #631 --- 98.6%
[34m[D 181002 14:59:18 update_wikidata:61](B[m Religionsfreihei Fallback to English description: freedom practicing of religion
[32m[I 181002 14:59:18 update_wikidata:94](B[m Religionsfreihei  Wikipedia: 'None' -> 'Religionsfreiheit'
[34m[D 181002 14:59:22 update_wikidata:61](B[m Bedingungsloses  Fallback to English description: system of social security in which all citizens or residents of a country regularly receive an unconditional sum of money, either from a government or some other public institution, in addition to any income received from elsewhere
[32m[I 181002 14:59:23 update_wikidata:111](B[m Committing changes to disk...
[32m[I 181002 15:12:31 update_wikidata:31](B[m Updating all Wikidata content...
[32m[I 181002 15:12:31 update_wikidata:38](B[m Loaded 639 tags
[32m[I 181002 15:12:31 update_wikidata:43](B[m Now at tag #1 --- 0.0%
[32m[I 181002 15:12:53 update_wikidata:31](B[m Updating all Wikidata content...
[32m[I 181002 15:12:53 update_wikidata:38](B[m Loaded 639 tags
[32m[I 181002 15:12:53 update_wikidata:43](B[m Now at tag #1 --- 0.0%
[32m[I 181002 15:13:27 update_wikidata:31](B[m Updating all Wikidata content...
[32m[I 181002 15:13:27 update_wikidata:38](B[m Loaded 639 tags
[32m[I 181002 15:13:27 update_wikidata:43](B[m Now at tag #1 --- 0.0%
[32m[I 181002 15:14:16 update_wikidata:31](B[m Updating all Wikidata content...
[32m[I 181002 15:14:16 update_wikidata:38](B[m Loaded 639 tags
[32m[I 181002 15:14:16 update_wikidata:43](B[m Now at tag #1 --- 0.0%
[32m[I 181002 15:14:28 update_wikidata:31](B[m Updating all Wikidata content...
[32m[I 181002 15:14:28 update_wikidata:38](B[m Loaded 639 tags
[32m[I 181002 15:14:28 update_wikidata:43](B[m Now at tag #1 --- 0.0%
[32m[I 181002 15:14:50 update_wikidata:31](B[m Updating all Wikidata content...
[32m[I 181002 15:14:50 update_wikidata:38](B[m Loaded 639 tags
[32m[I 181002 15:14:50 update_wikidata:43](B[m Now at tag #1 --- 0.0%
[32m[I 181002 15:15:18 update_wikidata:31](B[m Updating all Wikidata content...
[32m[I 181002 15:15:18 update_wikidata:38](B[m Loaded 639 tags
[32m[I 181002 15:15:18 update_wikidata:43](B[m Now at tag #1 --- 0.0%
[33m[W 181002 15:15:24 update_wikidata:69](B[m Abschlussprüfung Ignoring non-description 'Wikimedia-Begriffsklärungsseite'
[34m[D 181002 15:15:26 update_wikidata:90](B[m Adoption durch g  No entry in German wikipedia
[32m[I 181002 15:15:28 update_wikidata:43](B[m Now at tag #11 --- 1.6%
[34m[D 181002 15:15:30 update_wikidata:61](B[m Alleinerziehende Fallback to English description: parent raising a child alone
[33m[W 181002 15:15:34 update_wikidata:69](B[m Anerkennungsgese Ignoring non-description 'Wikimedia-Begriffsklärungsseite'
[34m[D 181002 15:15:35 update_wikidata:90](B[m Angestellter im   No entry in German wikipedia
[32m[I 181002 15:15:49 update_wikidata:31](B[m Updating all Wikidata content...
[32m[I 181002 15:15:49 update_wikidata:38](B[m Loaded 639 tags
[32m[I 181002 15:15:49 update_wikidata:43](B[m Now at tag #1 --- 0.0%
[34m[D 181002 15:15:50 update_wikidata:104](B[m Sleeping 0.783932 seconds for rate limiting
[34m[D 181002 15:15:51 update_wikidata:104](B[m Sleeping 0.815704 seconds for rate limiting
[34m[D 181002 15:15:52 update_wikidata:104](B[m Sleeping 0.748442 seconds for rate limiting
[34m[D 181002 15:15:53 update_wikidata:104](B[m Sleeping 0.819516 seconds for rate limiting
[34m[D 181002 15:15:54 update_wikidata:104](B[m Sleeping 0.811792 seconds for rate limiting
[33m[W 181002 15:15:55 update_wikidata:69](B[m Abschlussprüfung Ignoring non-description 'Wikimedia-Begriffsklärungsseite'
[34m[D 181002 15:15:55 update_wikidata:104](B[m Sleeping 0.702337 seconds for rate limiting
[34m[D 181002 15:15:56 update_wikidata:104](B[m Sleeping 0.804617 seconds for rate limiting
